Tue May 23 11:03:41 CEST 2017 : Could not listen on port 1527 on host localhost:
 java.net.BindException: Address already in use (Bind fa----------------------------------------------------------------
Tue May 23 11:04:23 CEST 2017:
Booting Derby version The Apache Software Foundation - Apache Derby - 10.11.1.2 - (1629631): instance a816c00e-015c-348c-2e9a-00004d8d9f77 
on database directory /home/davide/NetBeansProjects/Progetto_AMM/web/WEB-INF/db/ammdb with class loader sun.misc.Launcher$AppClassLoader@6f94fa3e 
Loaded from file:/usr/local/jdk1.8.0_121/db/lib/derby.jar
java.vendor=Oracle Corporation
java.runtime.version=1.8.0_121-b13
user.dir=/usr/local/jdk1.8.0_121/db
os.name=Linux
os.arch=amd64
os.version=4.8.0-49-generic
derby.system.home=/home/davide/NetBeansProjects/Progetto_AMM/web/WEB-INF/db
Database Class Loader started - derby.database.classpath=''
----------------------------------------------------------------
Tue May 23 12:37:25 CEST 2017: Shutting down Derby engine
----------------------------------------------------------------
Tue May 23 12:37:25 CEST 2017:
Shutting down instance a816c00e-015c-348c-2e9a-00004d8d9f77 on database directory /home/davide/NetBeansProjects/Progetto_AMM/web/WEB-INF/db/ammdb with class loader sun.misc.Launcher$AppClassLoader@6f94fa3e 
----------------------------------------------------------------
